<?xml version="1.0" encoding="UTF-8"?>
<!-- Generated by org.testng.reporters.JUnitReportReporter -->
<testsuite hostname="LAPTOP-VI1LQGDF" failures="0" tests="13" name="testCases.testCases_Login" time="127.260" errors="0" timestamp="2025-08-24T00:18:42 GMT-07:00" skipped="0">
  <testcase classname="testCases.testCases_Login" name="loginLogoTextDisplay" time="8.580"/>
  <testcase classname="testCases.testCases_Login" name="blankData" time="7.054"/>
  <testcase classname="testCases.testCases_Login" name="blankData" time="7.469"/>
  <testcase classname="testCases.testCases_Login" name="blankData" time="6.996"/>
  <testcase classname="testCases.testCases_Login" name="blankData" time="7.036"/>
  <testcase classname="testCases.testCases_Login" name="invalidEmailId" time="8.607"/>
  <testcase classname="testCases.testCases_Login" name="invalidEmailId" time="8.451"/>
  <testcase classname="testCases.testCases_Login" name="invalidEmailId" time="8.492"/>
  <testcase classname="testCases.testCases_Login" name="validationLogin" time="13.258"/>
  <testcase classname="testCases.testCases_Login" name="validationLogin" time="13.055"/>
  <testcase classname="testCases.testCases_Login" name="validationLogin" time="12.662"/>
  <testcase classname="testCases.testCases_Login" name="otherText" time="5.618"/>
  <testcase classname="testCases.testCases_Login" name="validLogin" time="19.982"/>
</testsuite> <!-- testCases.testCases_Login -->
