<?xml version="1.0" encoding="UTF-8"?>
<!-- Generated by org.testng.reporters.JUnitReportReporter -->
<testsuite hostname="LAPTOP-VI1LQGDF" failures="0" tests="5" name="testCases.testCase_lockPinScreen" time="36.974" errors="0" timestamp="2025-08-23T07:50:54 GMT-07:00" skipped="0">
  <testcase classname="testCases.testCase_lockPinScreen" name="DisplayAndTextCheck" time="11.647"/>
  <testcase classname="testCases.testCase_lockPinScreen" name="validateRefreshButton" time="4.170"/>
  <testcase classname="testCases.testCase_lockPinScreen" name="logoutAndCallBtn" time="12.901"/>
  <testcase classname="testCases.testCase_lockPinScreen" name="validPin" time="4.076"/>
  <testcase classname="testCases.testCase_lockPinScreen" name="invalidPin" time="4.180"/>
</testsuite> <!-- testCases.testCase_lockPinScreen -->
