<?xml version="1.0" encoding="UTF-8"?>
<!-- Generated by org.testng.reporters.JUnitReportReporter -->
<testsuite hostname="LAPTOP-VI1LQGDF" failures="0" tests="12" name="testCases.testCases_Login" time="114.564" errors="0" timestamp="2025-08-23T02:15:55 GMT-07:00" skipped="0">
  <testcase classname="testCases.testCases_Login" name="loginLogoTextDisplay" time="4.693"/>
  <testcase classname="testCases.testCases_Login" name="blankData" time="7.737"/>
  <testcase classname="testCases.testCases_Login" name="blankData" time="7.041"/>
  <testcase classname="testCases.testCases_Login" name="blankData" time="6.634"/>
  <testcase classname="testCases.testCases_Login" name="blankData" time="6.979"/>
  <testcase classname="testCases.testCases_Login" name="invalidEmailId" time="8.342"/>
  <testcase classname="testCases.testCases_Login" name="invalidEmailId" time="8.545"/>
  <testcase classname="testCases.testCases_Login" name="invalidEmailId" time="8.456"/>
  <testcase classname="testCases.testCases_Login" name="validationLogin" time="14.197"/>
  <testcase classname="testCases.testCases_Login" name="validationLogin" time="12.597"/>
  <testcase classname="testCases.testCases_Login" name="validationLogin" time="12.853"/>
  <testcase classname="testCases.testCases_Login" name="validLogin" time="16.490"/>
</testsuite> <!-- testCases.testCases_Login -->
