<?xml version="1.0" encoding="UTF-8"?>
<!-- Generated by org.testng.reporters.JUnitReportReporter -->
<testsuite hostname="LAPTOP-VI1LQGDF" failures="0" tests="1" name="POS.POS_Practice" time="2.026" errors="0" timestamp="2025-08-15T02:48:47 GMT-07:00" skipped="0">
  <testcase classname="POS.POS_Practice" name="PracticePos" time="2.026"/>
</testsuite> <!-- POS.POS_Practice -->
