<?xml version="1.0" encoding="UTF-8"?>
<!-- Generated by org.testng.reporters.JUnitReportReporter -->
<testsuite hostname="DESKTOP-BS90F9P" failures="0" tests="5" name="testCases.testCases_lockPinScreen" time="35.424" errors="0" timestamp="2025-08-25T16:42:40 IST" skipped="0">
  <testcase classname="testCases.testCases_lockPinScreen" name="DisplayAndTextCheck" time="9.926"/>
  <testcase classname="testCases.testCases_lockPinScreen" name="validateRefreshButton" time="4.008"/>
  <testcase classname="testCases.testCases_lockPinScreen" name="logoutAndCallBtn" time="12.445"/>
  <testcase classname="testCases.testCases_lockPinScreen" name="invalidPin" time="4.104"/>
  <testcase classname="testCases.testCases_lockPinScreen" name="validPin" time="4.941"/>
</testsuite> <!-- testCases.testCases_lockPinScreen -->
