<?xml version="1.0" encoding="UTF-8"?>
<!-- Generated by org.testng.reporters.JUnitReportReporter -->
<testsuite hostname="LAPTOP-VI1LQGDF" failures="0" tests="3" name="testCases.testCases_HomeScreen" time="36.898" errors="0" timestamp="2025-08-24T09:35:07 GMT-07:00" skipped="0">
  <testcase classname="testCases.testCases_HomeScreen" name="checkUI" time="12.098"/>
  <testcase classname="testCases.testCases_HomeScreen" name="menuClick" time="11.891"/>
  <testcase classname="testCases.testCases_HomeScreen" name="callMeClass" time="12.909"/>
</testsuite> <!-- testCases.testCases_HomeScreen -->
