<?xml version="1.0" encoding="UTF-8"?>
<!-- Generated by org.testng.reporters.JUnitReportReporter -->
<testsuite hostname="LAPTOP-VI1LQGDF" failures="0" tests="3" name="testCases.testCases_QuickveeCallSupport" time="18.901" errors="0" timestamp="2025-08-24T09:33:37 GMT-07:00" skipped="0">
  <testcase classname="testCases.testCases_QuickveeCallSupport" name="checkUI" time="4.601"/>
  <testcase classname="testCases.testCases_QuickveeCallSupport" name="invalidNumber" time="6.365"/>
  <testcase classname="testCases.testCases_QuickveeCallSupport" name="validNumber" time="7.935"/>
</testsuite> <!-- testCases.testCases_QuickveeCallSupport -->
