<?xml version="1.0" encoding="UTF-8"?>
<!-- Generated by org.testng.reporters.JUnitReportReporter -->
<testsuite hostname="LAPTOP-VI1LQGDF" failures="0" tests="3" name="testCases.testCases_LogoutScreen" time="12.879" errors="0" timestamp="2025-08-23T09:23:35 GMT-07:00" skipped="0">
  <testcase classname="testCases.testCases_LogoutScreen" name="CheckUI" time="3.167"/>
  <testcase classname="testCases.testCases_LogoutScreen" name="pressNoButton" time="0.824"/>
  <testcase classname="testCases.testCases_LogoutScreen" name="pressYesButton" time="8.888"/>
</testsuite> <!-- testCases.testCases_LogoutScreen -->
