<?xml version="1.0" encoding="UTF-8"?>
<!-- Generated by org.testng.reporters.JUnitReportReporter -->
<testsuite hostname="DESKTOP-O81F81N" failures="0" tests="2" name="testCases.testCases_forgotPassword" time="34.704" errors="0" timestamp="2025-08-21T23:26:49 GMT-07:00" skipped="0">
  <testcase classname="testCases.testCases_forgotPassword" name="emailReceivedConfirmation" time="28.629"/>
  <testcase classname="testCases.testCases_forgotPassword" name="validateResetEmailTitleAndBody" time="6.075"/>
</testsuite> <!-- testCases.testCases_forgotPassword -->
