<?xml version="1.0" encoding="UTF-8"?>
<!-- Generated by org.testng.reporters.JUnitReportReporter -->
<testsuite hostname="LAPTOP-VI1LQGDF" failures="0" tests="1" name="testCases.testCases_Login" time="18.753" errors="0" timestamp="2025-08-23T07:39:06 GMT-07:00" skipped="0">
  <testcase classname="testCases.testCases_Login" name="validLogin" time="18.753"/>
</testsuite> <!-- testCases.testCases_Login -->
