<?xml version="1.0" encoding="UTF-8"?>
<!-- Generated by org.testng.reporters.JUnitReportReporter -->
<testsuite hostname="LAPTOP-VI1LQGDF" failures="0" tests="1" name="testCases.testCase_lockPinScreen" time="21.358" errors="0" timestamp="2025-08-23T02:24:08 GMT-07:00" skipped="0">
  <testcase classname="testCases.testCase_lockPinScreen" name="DisplayAndTextCheck" time="21.358"/>
</testsuite> <!-- testCases.testCase_lockPinScreen -->
