<?xml version="1.0" encoding="UTF-8"?>
<!-- Generated by org.testng.reporters.JUnitReportReporter -->
<testsuite hostname="LAPTOP-VI1LQGDF" failures="0" tests="5" name="testCases.testCases_lockPinScreen" time="53.396" errors="0" timestamp="2025-08-24T00:35:39 GMT-07:00" skipped="0">
  <testcase classname="testCases.testCases_lockPinScreen" name="DisplayAndTextCheck" time="29.019"/>
  <testcase classname="testCases.testCases_lockPinScreen" name="validateRefreshButton" time="3.670"/>
  <testcase classname="testCases.testCases_lockPinScreen" name="logoutAndCallBtn" time="12.922"/>
  <testcase classname="testCases.testCases_lockPinScreen" name="invalidPin" time="3.983"/>
  <testcase classname="testCases.testCases_lockPinScreen" name="validPin" time="3.802"/>
</testsuite> <!-- testCases.testCases_lockPinScreen -->
